
> koa_demo@0.1.0 dev /home/mengls/web_coding/koa_demo
> nodemon bin/www

[33m[nodemon] 1.19.4[39m
[33m[nodemon] to restart at any time, enter `rs`[39m
[33m[nodemon] watching dir(s): *.*[39m
[33m[nodemon] watching extensions: js,mjs,json[39m
[32m[nodemon] starting `node bin/www`[39m
events.js:174
      throw er; // Unhandled 'error' event
      ^

Error: EBADF: bad file descriptor, read
Emitted 'error' event at:
    at lazyFs.read (internal/fs/streams.js:165:12)
    at FSReqWrap.wrapper [as oncomplete] (fs.js:463:17)
npm ERR! code ELIFECYCLE
npm ERR! errno 1
npm ERR! koa_demo@0.1.0 dev: `nodemon bin/www`
npm ERR! Exit status 1
npm ERR! 
npm ERR! Failed at the koa_demo@0.1.0 dev script.
npm ERR! This is probably not a problem with npm. There is likely additional logging output above.

npm ERR! A complete log of this run can be found in:
npm ERR!     /home/mengls/.npm/_logs/2020-05-06T11_08_50_290Z-debug.log

> koa_demo@0.1.0 dev /home/mengls/web_coding/koa_demo
> nodemon bin/www

[33m[nodemon] 1.19.4[39m
[33m[nodemon] to restart at any time, enter `rs`[39m
[33m[nodemon] watching dir(s): *.*[39m
[33m[nodemon] watching extensions: js,mjs,json[39m
[32m[nodemon] starting `node bin/www`[39m
events.js:174
      throw er; // Unhandled 'error' event
      ^

Error: EBADF: bad file descriptor, read
Emitted 'error' event at:
    at lazyFs.read (internal/fs/streams.js:165:12)
    at FSReqWrap.wrapper [as oncomplete] (fs.js:463:17)
npm ERR! code ELIFECYCLE
npm ERR! errno 1
npm ERR! koa_demo@0.1.0 dev: `nodemon bin/www`
npm ERR! Exit status 1
npm ERR! 
npm ERR! Failed at the koa_demo@0.1.0 dev script.
npm ERR! This is probably not a problem with npm. There is likely additional logging output above.

npm ERR! A complete log of this run can be found in:
npm ERR!     /home/mengls/.npm/_logs/2020-05-06T11_10_16_506Z-debug.log

> koa_demo@0.1.0 dev /home/mengls/web_coding/koa_demo
> nodemon bin/www

[33m[nodemon] 1.19.4[39m
[33m[nodemon] to restart at any time, enter `rs`[39m
[33m[nodemon] watching dir(s): *.*[39m
[33m[nodemon] watching extensions: js,mjs,json[39m
[32m[nodemon] starting `node bin/www`[39m
events.js:174
      throw er; // Unhandled 'error' event
      ^

Error: EBADF: bad file descriptor, read
Emitted 'error' event at:
    at lazyFs.read (internal/fs/streams.js:165:12)
    at FSReqWrap.wrapper [as oncomplete] (fs.js:463:17)
npm ERR! code ELIFECYCLE
npm ERR! errno 1
npm ERR! koa_demo@0.1.0 dev: `nodemon bin/www`
npm ERR! Exit status 1
npm ERR! 
npm ERR! Failed at the koa_demo@0.1.0 dev script.
npm ERR! This is probably not a problem with npm. There is likely additional logging output above.

npm ERR! A complete log of this run can be found in:
npm ERR!     /home/mengls/.npm/_logs/2020-05-06T11_14_38_538Z-debug.log

> koa_demo@0.1.0 dev /home/mengls/web_coding/koa_demo
> nodemon bin/www

[33m[nodemon] 1.19.4[39m
[33m[nodemon] to restart at any time, enter `rs`[39m
[33m[nodemon] watching dir(s): *.*[39m
[33m[nodemon] watching extensions: js,mjs,json[39m
[32m[nodemon] starting `node bin/www`[39m
events.js:174
      throw er; // Unhandled 'error' event
      ^

Error: EBADF: bad file descriptor, read
Emitted 'error' event at:
    at lazyFs.read (internal/fs/streams.js:165:12)
    at FSReqWrap.wrapper [as oncomplete] (fs.js:463:17)
npm ERR! code ELIFECYCLE
npm ERR! errno 1
npm ERR! koa_demo@0.1.0 dev: `nodemon bin/www`
npm ERR! Exit status 1
npm ERR! 
npm ERR! Failed at the koa_demo@0.1.0 dev script.
npm ERR! This is probably not a problem with npm. There is likely additional logging output above.

npm ERR! A complete log of this run can be found in:
npm ERR!     /home/mengls/.npm/_logs/2020-05-06T11_15_34_940Z-debug.log

> koa_demo@0.1.0 dev /home/mengls/web_coding/koa_demo
> nodemon bin/www

[33m[nodemon] 1.19.4[39m
[33m[nodemon] to restart at any time, enter `rs`[39m
[33m[nodemon] watching dir(s): *.*[39m
[33m[nodemon] watching extensions: js,mjs,json[39m
[32m[nodemon] starting `node bin/www`[39m
events.js:174
      throw er; // Unhandled 'error' event
      ^

Error: EBADF: bad file descriptor, read
Emitted 'error' event at:
    at lazyFs.read (internal/fs/streams.js:165:12)
    at FSReqWrap.wrapper [as oncomplete] (fs.js:463:17)
npm ERR! code ELIFECYCLE
npm ERR! errno 1
npm ERR! koa_demo@0.1.0 dev: `nodemon bin/www`
npm ERR! Exit status 1
npm ERR! 
npm ERR! Failed at the koa_demo@0.1.0 dev script.
npm ERR! This is probably not a problem with npm. There is likely additional logging output above.

npm ERR! A complete log of this run can be found in:
npm ERR!     /home/mengls/.npm/_logs/2020-05-06T11_22_21_340Z-debug.log

> koa_demo@0.1.0 dev /home/mengls/web_coding/koa_demo
> nodemon bin/www

[33m[nodemon] 1.19.4[39m
[33m[nodemon] to restart at any time, enter `rs`[39m
[33m[nodemon] watching dir(s): *.*[39m
[33m[nodemon] watching extensions: js,mjs,json[39m
[32m[nodemon] starting `node bin/www`[39m
events.js:174
      throw er; // Unhandled 'error' event
      ^

Error: EBADF: bad file descriptor, read
Emitted 'error' event at:
    at lazyFs.read (internal/fs/streams.js:165:12)
    at FSReqWrap.wrapper [as oncomplete] (fs.js:463:17)
npm ERR! code ELIFECYCLE
npm ERR! errno 1
npm ERR! koa_demo@0.1.0 dev: `nodemon bin/www`
npm ERR! Exit status 1
npm ERR! 
npm ERR! Failed at the koa_demo@0.1.0 dev script.
npm ERR! This is probably not a problem with npm. There is likely additional logging output above.

npm ERR! A complete log of this run can be found in:
npm ERR!     /home/mengls/.npm/_logs/2020-05-06T11_24_15_008Z-debug.log

> koa_demo@0.1.0 dev /home/mengls/web_coding/koa_demo
> nodemon bin/www

[33m[nodemon] 1.19.4[39m
[33m[nodemon] to restart at any time, enter `rs`[39m
[33m[nodemon] watching dir(s): *.*[39m
[33m[nodemon] watching extensions: js,mjs,json[39m
[32m[nodemon] starting `node bin/www`[39m
events.js:174
      throw er; // Unhandled 'error' event
      ^

Error: EBADF: bad file descriptor, read
Emitted 'error' event at:
    at lazyFs.read (internal/fs/streams.js:165:12)
    at FSReqWrap.wrapper [as oncomplete] (fs.js:463:17)
npm ERR! code ELIFECYCLE
npm ERR! errno 1
npm ERR! koa_demo@0.1.0 dev: `nodemon bin/www`
npm ERR! Exit status 1
npm ERR! 
npm ERR! Failed at the koa_demo@0.1.0 dev script.
npm ERR! This is probably not a problem with npm. There is likely additional logging output above.

npm ERR! A complete log of this run can be found in:
npm ERR!     /home/mengls/.npm/_logs/2020-05-06T11_35_27_599Z-debug.log
